2026-07-12 11:35:54,215 - main - INFO - === Logging system initialized ===
2026-07-12 11:35:54,216 - main - INFO - Log file: logs/app_20260712_113554.log
2026-07-12 11:35:54,216 - main - INFO - Log level: INFO
2026-07-12 11:35:54,216 - main - INFO - Timestamp: 20260712_113554
2026-07-12 11:35:55,381 - main - INFO - Included router: routers.aihub.router
2026-07-12 11:35:55,489 - main - INFO - Included router: routers.analytics_metrics.router
2026-07-12 11:35:55,507 - main - INFO - Included router: routers.auth.router
2026-07-12 11:35:55,591 - main - INFO - Included router: routers.cameras.router
2026-07-12 11:35:55,686 - main - INFO - Included router: routers.events.router
2026-07-12 11:35:55,691 - main - INFO - Included router: routers.health.router
2026-07-12 11:35:55,792 - main - INFO - Included router: routers.replays.router
2026-07-12 11:35:55,808 - main - INFO - Included router: routers.settings.router
2026-07-12 11:35:55,835 - main - INFO - Included router: routers.storage.router
2026-07-12 11:35:55,843 - main - INFO - Included router: routers.user.router
2026-07-12 11:35:55,844 - main - INFO - === Application startup initiated ===
2026-07-12 11:35:55,844 - services.database - INFO - Ignore creating tables
2026-07-12 11:35:55,845 - services.mock_data - INFO - Ignore initialize data
2026-07-12 11:35:55,845 - services.auth - INFO - Ignore initialize admin
2026-07-12 11:35:55,845 - main - INFO - === Application startup completed successfully ===
2026-07-12 11:36:13,822 - core.config - DEBUG - Read dynamic attribute jwt_secret_key from environment variable JWT_SECRET_KEY
2026-07-12 11:36:13,823 - core.config - DEBUG - Read dynamic attribute jwt_algorithm from environment variable JWT_ALGORITHM
2026-07-12 11:36:13,835 - core.auth - DEBUG - Authentication token validated for user hash: c2a2e586
2026-07-12 11:36:14,119 - core.database - DEBUG - [DB_OP] Starting get_db session creation
2026-07-12 11:36:14,119 - core.database - WARNING - Database session maker not available, attempting lazy initialization...
2026-07-12 11:36:14,119 - core.database - WARNING - Database not initialized, attempting lazy initialization...
2026-07-12 11:36:14,120 - core.database - INFO - Starting database initialization...
2026-07-12 11:36:14,120 - core.config - DEBUG - Read dynamic attribute database_url from environment variable DATABASE_URL
2026-07-12 11:36:14,120 - core.database - INFO - Normalizing database URL for async compatibility...
2026-07-12 11:36:14,121 - core.database - INFO - Creating async database engine...
2026-07-12 11:36:14,121 - core.database - INFO - Using QueuePool with connection pooling for non-Lambda environment
2026-07-12 11:36:14,168 - core.database - INFO - Database engine created successfully
2026-07-12 11:36:14,168 - core.database - INFO - Creating async session maker...
2026-07-12 11:36:14,168 - core.database - INFO - Async session maker created successfully
2026-07-12 11:36:14,168 - core.database - INFO - Database connection initialized successfully
2026-07-12 11:36:14,168 - core.database - DEBUG - [DB_OP] Starting create_tables
2026-07-12 11:36:14,169 - core.database - INFO - 🔧 Starting table creation...
2026-07-12 11:36:15,851 - core.database - INFO - Tables initialized successfully
2026-07-12 11:36:15,851 - core.database - DEBUG - [DB_OP] Create tables completed in 1.6827s
2026-07-12 11:36:15,915 - core.database - INFO - Lazy database initialization completed successfully
2026-07-12 11:36:15,916 - core.database - DEBUG - [DB_OP] Database session created successfully in 1.7967s
2026-07-12 11:36:15,916 - routers.cameras - DEBUG - Querying camerass: query={"status":"active"}, sort=None, skip=0, limit=20, fields=None
2026-07-12 11:36:16,501 - routers.cameras - DEBUG - Found 6 camerass
2026-07-12 11:36:16,502 - core.database - DEBUG - [DB_OP] Database session cleanup after 2.3833s
2026-07-12 11:36:23,838 - services.database - DEBUG - [DB_OP] Starting database close
2026-07-12 11:36:23,905 - core.database - INFO - Database connection closed and engine disposed
2026-07-12 11:36:23,906 - services.database - INFO - Database connections closed
2026-07-12 11:36:23,906 - services.database - DEBUG - [DB_OP] Database close completed in 0.0684s
