2026-07-12 11:36:38,716 - main - INFO - === Logging system initialized ===
2026-07-12 11:36:38,716 - main - INFO - Log file: logs/app_20260712_113638.log
2026-07-12 11:36:38,717 - main - INFO - Log level: INFO
2026-07-12 11:36:38,717 - main - INFO - Timestamp: 20260712_113638
2026-07-12 11:36:39,650 - main - INFO - Included router: routers.aihub.router
2026-07-12 11:36:39,684 - main - INFO - Included router: routers.analytics_metrics.router
2026-07-12 11:36:39,704 - main - INFO - Included router: routers.auth.router
2026-07-12 11:36:39,736 - main - INFO - Included router: routers.cameras.router
2026-07-12 11:36:39,776 - main - INFO - Included router: routers.events.router
2026-07-12 11:36:39,778 - main - INFO - Included router: routers.health.router
2026-07-12 11:36:39,814 - main - INFO - Included router: routers.replays.router
2026-07-12 11:36:39,828 - main - INFO - Included router: routers.settings.router
2026-07-12 11:36:39,854 - main - INFO - Included router: routers.storage.router
2026-07-12 11:36:39,860 - main - INFO - Included router: routers.user.router
2026-07-12 11:36:39,861 - main - INFO - === Application startup initiated ===
2026-07-12 11:36:39,861 - services.database - INFO - Ignore creating tables
2026-07-12 11:36:39,861 - services.mock_data - INFO - Ignore initialize data
2026-07-12 11:36:39,861 - services.auth - INFO - Ignore initialize admin
2026-07-12 11:36:39,862 - main - INFO - === Application startup completed successfully ===
2026-07-12 11:56:29,409 - core.config - DEBUG - Read dynamic attribute jwt_secret_key from environment variable JWT_SECRET_KEY
2026-07-12 11:56:29,410 - core.config - DEBUG - Read dynamic attribute jwt_algorithm from environment variable JWT_ALGORITHM
2026-07-12 11:56:29,421 - core.auth - DEBUG - Authentication token validated for user hash: c2a2e586
2026-07-12 11:56:29,680 - core.database - DEBUG - [DB_OP] Starting get_db session creation
2026-07-12 11:56:29,680 - core.database - WARNING - Database session maker not available, attempting lazy initialization...
2026-07-12 11:56:29,680 - core.database - WARNING - Database not initialized, attempting lazy initialization...
2026-07-12 11:56:29,681 - core.database - INFO - Starting database initialization...
2026-07-12 11:56:29,681 - core.config - DEBUG - Read dynamic attribute database_url from environment variable DATABASE_URL
2026-07-12 11:56:29,681 - core.database - INFO - Normalizing database URL for async compatibility...
2026-07-12 11:56:29,683 - core.database - INFO - Creating async database engine...
2026-07-12 11:56:29,683 - core.database - INFO - Using QueuePool with connection pooling for non-Lambda environment
2026-07-12 11:56:29,755 - core.database - INFO - Database engine created successfully
2026-07-12 11:56:29,756 - core.database - INFO - Creating async session maker...
2026-07-12 11:56:29,756 - core.database - INFO - Async session maker created successfully
2026-07-12 11:56:29,756 - core.database - INFO - Database connection initialized successfully
2026-07-12 11:56:29,756 - core.database - DEBUG - [DB_OP] Starting create_tables
2026-07-12 11:56:29,757 - core.database - INFO - 🔧 Starting table creation...
2026-07-12 11:56:32,042 - core.database - INFO - Tables initialized successfully
2026-07-12 11:56:32,043 - core.database - DEBUG - [DB_OP] Create tables completed in 2.2865s
2026-07-12 11:56:32,107 - core.database - INFO - Lazy database initialization completed successfully
2026-07-12 11:56:32,107 - core.database - DEBUG - [DB_OP] Database session created successfully in 2.4276s
2026-07-12 11:56:32,108 - routers.cameras - DEBUG - Querying camerass: query={"status":"active"}, sort=None, skip=0, limit=20, fields=None
2026-07-12 11:56:32,710 - routers.cameras - DEBUG - Found 6 camerass
2026-07-12 11:56:32,711 - core.database - DEBUG - [DB_OP] Database session cleanup after 3.0315s
2026-07-12 12:04:43,945 - services.database - DEBUG - [DB_OP] Starting database close
2026-07-12 12:04:43,947 - core.database - INFO - Database connection closed and engine disposed
2026-07-12 12:04:43,947 - services.database - INFO - Database connections closed
2026-07-12 12:04:43,947 - services.database - DEBUG - [DB_OP] Database close completed in 0.0017s
