2026-07-12 11:22:18,687 - main - INFO - === Logging system initialized ===
2026-07-12 11:22:18,687 - main - INFO - Log file: logs/app_20260712_112218.log
2026-07-12 11:22:18,688 - main - INFO - Log level: INFO
2026-07-12 11:22:18,688 - main - INFO - Timestamp: 20260712_112218
2026-07-12 11:22:24,246 - main - INFO - Included router: routers.aihub.router
2026-07-12 11:22:24,382 - main - INFO - Included router: routers.auth.router
2026-07-12 11:22:24,407 - main - INFO - Included router: routers.health.router
2026-07-12 11:22:24,455 - main - INFO - Included router: routers.settings.router
2026-07-12 11:22:24,603 - main - INFO - Included router: routers.storage.router
2026-07-12 11:22:24,723 - main - INFO - Included router: routers.user.router
2026-07-12 11:22:24,724 - main - INFO - === Application startup initiated ===
2026-07-12 11:22:24,725 - services.database - INFO - Ignore creating tables
2026-07-12 11:22:24,725 - services.mock_data - INFO - Ignore initialize data
2026-07-12 11:22:24,725 - services.auth - INFO - Ignore initialize admin
2026-07-12 11:22:24,725 - main - INFO - === Application startup completed successfully ===
2026-07-12 11:22:39,285 - core.database - DEBUG - [DB_OP] Starting get_db session creation
2026-07-12 11:22:39,286 - core.database - WARNING - Database session maker not available, attempting lazy initialization...
2026-07-12 11:22:39,286 - core.database - WARNING - Database not initialized, attempting lazy initialization...
2026-07-12 11:22:39,286 - core.database - INFO - Starting database initialization...
2026-07-12 11:22:39,286 - core.config - DEBUG - Read dynamic attribute database_url from environment variable DATABASE_URL
2026-07-12 11:22:39,287 - core.database - INFO - Normalizing database URL for async compatibility...
2026-07-12 11:22:39,288 - core.database - INFO - Creating async database engine...
2026-07-12 11:22:39,288 - core.database - INFO - Using QueuePool with connection pooling for non-Lambda environment
2026-07-12 11:22:39,701 - core.database - INFO - Database engine created successfully
2026-07-12 11:22:39,701 - core.database - INFO - Creating async session maker...
2026-07-12 11:22:39,701 - core.database - INFO - Async session maker created successfully
2026-07-12 11:22:39,702 - core.database - INFO - Database connection initialized successfully
2026-07-12 11:22:39,702 - core.database - DEBUG - [DB_OP] Starting create_tables
2026-07-12 11:22:39,702 - core.database - INFO - 🔧 Starting table creation...
2026-07-12 11:22:40,280 - core.database - DEBUG - [DB_OP] Starting get_db session creation
2026-07-12 11:22:40,280 - core.database - DEBUG - [DB_OP] Database session created successfully in 0.0005s
2026-07-12 11:22:40,281 - routers.auth - INFO - [token/exchange] Received platform token exchange request
2026-07-12 11:22:40,281 - core.config - DEBUG - Read dynamic attribute oidc_issuer_url from environment variable OIDC_ISSUER_URL
2026-07-12 11:22:40,281 - routers.auth - DEBUG - [token/exchange] Verifying token with issuer: https://auth.atoms.dev/api/v1/oidc/platform/tokens/verify
2026-07-12 11:22:40,650 - httpcore.connection - DEBUG - connect_tcp.started host='auth.atoms.dev' port=443 local_address=None timeout=5.0 socket_options=None
2026-07-12 11:22:40,667 - httpcore.connection - DEBUG - connect_tcp.complete return_value=<httpcore._backends.anyio.AnyIOStream object at 0x7f21649ea950>
2026-07-12 11:22:40,668 - httpcore.connection - DEBUG - start_tls.started ssl_context=<ssl.SSLContext object at 0x7f216ba2fd40> server_hostname='auth.atoms.dev' timeout=5.0
2026-07-12 11:22:40,676 - httpcore.connection - DEBUG - start_tls.complete return_value=<httpcore._backends.anyio.AnyIOStream object at 0x7f21660d5e10>
2026-07-12 11:22:40,677 - httpcore.http11 - DEBUG - send_request_headers.started request=<Request [b'POST']>
2026-07-12 11:22:40,677 - httpcore.http11 - DEBUG - send_request_headers.complete
2026-07-12 11:22:40,677 - httpcore.http11 - DEBUG - send_request_body.started request=<Request [b'POST']>
2026-07-12 11:22:40,678 - httpcore.http11 - DEBUG - send_request_body.complete
2026-07-12 11:22:40,678 - httpcore.http11 - DEBUG - receive_response_headers.started request=<Request [b'POST']>
2026-07-12 11:22:40,705 - httpcore.http11 - DEBUG - receive_response_headers.complete return_value=(b'HTTP/1.1', 200, b'OK', [(b'Date', b'Sun, 12 Jul 2026 18:22:40 GMT'), (b'Content-Type', b'application/json'), (b'Transfer-Encoding', b'chunked'), (b'Connection', b'keep-alive'), (b'x-response-time', b'0.001s'), (b'x-request-id', b'42c4eeccaa6093c79450856abc009ef0'), (b'cf-cache-status', b'DYNAMIC'), (b'Content-Encoding', b'gzip'), (b'Server', b'cloudflare'), (b'CF-RAY', b'a1a213203f81c10b-LAX')])
2026-07-12 11:22:40,707 - httpx - INFO - HTTP Request: POST https://auth.atoms.dev/api/v1/oidc/platform/tokens/verify "HTTP/1.1 200 OK"
2026-07-12 11:22:40,707 - httpcore.http11 - DEBUG - receive_response_body.started request=<Request [b'POST']>
2026-07-12 11:22:40,707 - httpcore.http11 - DEBUG - receive_response_body.complete
2026-07-12 11:22:40,707 - httpcore.http11 - DEBUG - response_closed.started
2026-07-12 11:22:40,708 - httpcore.http11 - DEBUG - response_closed.complete
2026-07-12 11:22:40,708 - httpcore.connection - DEBUG - close.started
2026-07-12 11:22:40,708 - httpcore.connection - DEBUG - close.complete
2026-07-12 11:22:40,708 - routers.auth - DEBUG - [token/exchange] Issuer response status: 200
2026-07-12 11:22:40,709 - routers.auth - DEBUG - [token/exchange] Issuer response body: {'success': True, 'data': {'email': 'admcambuisolucoesemia@gmail.com', 'exp': 1784134499, 'iat': 1781542499, 'pv': 0, 'user_id': 1190585}, 'message': 'Platform token verified', 'code': 0, 'timestamp': '2026-07-12T18:22:40.702268'}
2026-07-12 11:22:40,709 - routers.auth - INFO - [token/exchange] Token verified, platform_user_id=1190585, email=admcambuisolucoesemia@gmail.com
2026-07-12 11:22:40,709 - core.config - DEBUG - Read dynamic attribute admin_user_id from environment variable ADMIN_USER_ID
2026-07-12 11:22:40,709 - routers.auth - INFO - [token/exchange] User verified: platform_user_id=1190585, role=admin
2026-07-12 11:22:40,711 - routers.auth - DEBUG - [token/exchange] User object for token issuance: id=1190585, email=admcambuisolucoesemia@gmail.com, role=admin
2026-07-12 11:22:40,711 - core.config - DEBUG - Read dynamic attribute jwt_expire_minutes from environment variable JWT_EXPIRE_MINUTES
2026-07-12 11:22:40,711 - core.config - DEBUG - Read dynamic attribute jwt_secret_key from environment variable JWT_SECRET_KEY
2026-07-12 11:22:40,711 - core.config - DEBUG - Read dynamic attribute jwt_algorithm from environment variable JWT_ALGORITHM
2026-07-12 11:22:40,749 - core.auth - DEBUG - Authentication token created for user hash: c2a2e586
2026-07-12 11:22:40,750 - routers.auth - INFO - [token/exchange] Token issued successfully for user_id=1190585, expires_at=2026-08-11 18:22:40.711248+00:00
2026-07-12 11:22:40,750 - core.database - DEBUG - [DB_OP] Database session cleanup after 0.4704s
2026-07-12 11:22:41,386 - core.database - INFO - Tables initialized successfully
2026-07-12 11:22:41,387 - core.database - DEBUG - [DB_OP] Create tables completed in 1.6850s
2026-07-12 11:22:41,450 - core.database - INFO - Lazy database initialization completed successfully
2026-07-12 11:22:41,450 - core.database - DEBUG - [DB_OP] Database session created successfully in 2.1650s
2026-07-12 11:22:41,450 - routers.auth - INFO - [token/exchange] Received platform token exchange request
2026-07-12 11:22:41,451 - routers.auth - DEBUG - [token/exchange] Verifying token with issuer: https://auth.atoms.dev/api/v1/oidc/platform/tokens/verify
2026-07-12 11:22:41,484 - httpcore.connection - DEBUG - connect_tcp.started host='auth.atoms.dev' port=443 local_address=None timeout=5.0 socket_options=None
2026-07-12 11:22:41,497 - httpcore.connection - DEBUG - connect_tcp.complete return_value=<httpcore._backends.anyio.AnyIOStream object at 0x7f216964d810>
2026-07-12 11:22:41,498 - httpcore.connection - DEBUG - start_tls.started ssl_context=<ssl.SSLContext object at 0x7f216b9f3a40> server_hostname='auth.atoms.dev' timeout=5.0
2026-07-12 11:22:41,512 - httpcore.connection - DEBUG - start_tls.complete return_value=<httpcore._backends.anyio.AnyIOStream object at 0x7f216964ead0>
2026-07-12 11:22:41,513 - httpcore.http11 - DEBUG - send_request_headers.started request=<Request [b'POST']>
2026-07-12 11:22:41,514 - httpcore.http11 - DEBUG - send_request_headers.complete
2026-07-12 11:22:41,514 - httpcore.http11 - DEBUG - send_request_body.started request=<Request [b'POST']>
2026-07-12 11:22:41,515 - httpcore.http11 - DEBUG - send_request_body.complete
2026-07-12 11:22:41,515 - httpcore.http11 - DEBUG - receive_response_headers.started request=<Request [b'POST']>
2026-07-12 11:22:41,566 - httpcore.http11 - DEBUG - receive_response_headers.complete return_value=(b'HTTP/1.1', 200, b'OK', [(b'Date', b'Sun, 12 Jul 2026 18:22:41 GMT'), (b'Content-Type', b'application/json'), (b'Transfer-Encoding', b'chunked'), (b'Connection', b'keep-alive'), (b'x-response-time', b'0.001s'), (b'x-request-id', b'41158182df7b02e4740479f6fd357acb'), (b'cf-cache-status', b'DYNAMIC'), (b'Content-Encoding', b'gzip'), (b'Server', b'cloudflare'), (b'CF-RAY', b'a1a213257c752aaa-LAX')])
2026-07-12 11:22:41,567 - httpx - INFO - HTTP Request: POST https://auth.atoms.dev/api/v1/oidc/platform/tokens/verify "HTTP/1.1 200 OK"
2026-07-12 11:22:41,567 - httpcore.http11 - DEBUG - receive_response_body.started request=<Request [b'POST']>
2026-07-12 11:22:41,568 - httpcore.http11 - DEBUG - receive_response_body.complete
2026-07-12 11:22:41,568 - httpcore.http11 - DEBUG - response_closed.started
2026-07-12 11:22:41,568 - httpcore.http11 - DEBUG - response_closed.complete
2026-07-12 11:22:41,569 - httpcore.connection - DEBUG - close.started
2026-07-12 11:22:41,569 - httpcore.connection - DEBUG - close.complete
2026-07-12 11:22:41,569 - routers.auth - DEBUG - [token/exchange] Issuer response status: 200
2026-07-12 11:22:41,569 - routers.auth - DEBUG - [token/exchange] Issuer response body: {'success': True, 'data': {'email': 'admcambuisolucoesemia@gmail.com', 'exp': 1784134499, 'iat': 1781542499, 'pv': 0, 'user_id': 1190585}, 'message': 'Platform token verified', 'code': 0, 'timestamp': '2026-07-12T18:22:41.562738'}
2026-07-12 11:22:41,570 - routers.auth - INFO - [token/exchange] Token verified, platform_user_id=1190585, email=admcambuisolucoesemia@gmail.com
2026-07-12 11:22:41,570 - routers.auth - INFO - [token/exchange] User verified: platform_user_id=1190585, role=admin
2026-07-12 11:22:41,570 - routers.auth - DEBUG - [token/exchange] User object for token issuance: id=1190585, email=admcambuisolucoesemia@gmail.com, role=admin
2026-07-12 11:22:41,571 - core.auth - DEBUG - Authentication token created for user hash: c2a2e586
2026-07-12 11:22:41,571 - routers.auth - INFO - [token/exchange] Token issued successfully for user_id=1190585, expires_at=2026-08-11 18:22:41.570967+00:00
2026-07-12 11:22:41,571 - core.database - DEBUG - [DB_OP] Database session cleanup after 2.2861s
2026-07-12 11:32:34,049 - dependencies.auth - DEBUG - Authentication required for request GET /api/v1/auth/me
2026-07-12 11:34:26,925 - dependencies.auth - DEBUG - Authentication required for request GET /api/v1/auth/me
2026-07-12 11:35:07,742 - dependencies.auth - DEBUG - Authentication required for request GET /api/v1/auth/me
2026-07-12 11:35:38,987 - services.database - DEBUG - [DB_OP] Starting database close
2026-07-12 11:35:38,989 - core.database - INFO - Database connection closed and engine disposed
2026-07-12 11:35:38,989 - services.database - INFO - Database connections closed
2026-07-12 11:35:38,989 - services.database - DEBUG - [DB_OP] Database close completed in 0.0023s
