2026-07-18 14:30:24,420 - main - INFO - === Logging system initialized ===
2026-07-18 14:30:24,420 - main - INFO - Log file: logs/app_20260718_143024.log
2026-07-18 14:30:24,420 - main - INFO - Log level: INFO
2026-07-18 14:30:24,420 - main - INFO - Timestamp: 20260718_143024
2026-07-18 14:30:43,682 - main - INFO - Included router: routers.aihub.router
2026-07-18 14:30:43,798 - main - INFO - Included router: routers.analytics_metrics.router
2026-07-18 14:30:44,243 - main - INFO - Included router: routers.auth.router
2026-07-18 14:30:44,336 - main - INFO - Included router: routers.cameras.router
2026-07-18 14:30:44,416 - main - INFO - Included router: routers.events.router
2026-07-18 14:30:44,459 - main - INFO - Included router: routers.health.router
2026-07-18 14:30:44,575 - main - INFO - Included router: routers.replays.router
2026-07-18 14:30:44,621 - main - INFO - Included router: routers.settings.router
2026-07-18 14:30:44,751 - main - INFO - Included router: routers.storage.router
2026-07-18 14:30:44,821 - main - INFO - Included router: routers.user.router
2026-07-18 14:30:44,823 - main - INFO - === Application startup initiated ===
2026-07-18 14:30:44,823 - services.database - INFO - Ignore creating tables
2026-07-18 14:30:44,823 - services.mock_data - INFO - Ignore initialize data
2026-07-18 14:30:44,823 - services.auth - INFO - Ignore initialize admin
2026-07-18 14:30:44,824 - main - INFO - === Application startup completed successfully ===
2026-07-18 14:48:13,137 - services.database - DEBUG - [DB_OP] Starting database close
2026-07-18 14:48:13,137 - services.database - INFO - Database connections closed
2026-07-18 14:48:13,137 - services.database - DEBUG - [DB_OP] Database close completed in 0.0004s
