2026-07-13 13:38:28,339 - main - INFO - === Logging system initialized ===
2026-07-13 13:38:28,340 - main - INFO - Log file: logs/app_20260713_133828.log
2026-07-13 13:38:28,340 - main - INFO - Log level: INFO
2026-07-13 13:38:28,340 - main - INFO - Timestamp: 20260713_133828
2026-07-13 13:38:49,936 - main - INFO - Included router: routers.aihub.router
2026-07-13 13:38:50,125 - main - INFO - Included router: routers.analytics_metrics.router
2026-07-13 13:38:50,307 - main - INFO - Included router: routers.auth.router
2026-07-13 13:38:50,430 - main - INFO - Included router: routers.cameras.router
2026-07-13 13:38:50,705 - main - INFO - Included router: routers.events.router
2026-07-13 13:38:50,780 - main - INFO - Included router: routers.health.router
2026-07-13 13:38:50,910 - main - INFO - Included router: routers.replays.router
2026-07-13 13:38:51,024 - main - INFO - Included router: routers.settings.router
2026-07-13 13:38:51,190 - main - INFO - Included router: routers.storage.router
2026-07-13 13:38:51,364 - main - INFO - Included router: routers.user.router
2026-07-13 13:38:51,366 - main - INFO - === Application startup initiated ===
2026-07-13 13:38:51,366 - services.database - INFO - Ignore creating tables
2026-07-13 13:38:51,366 - services.mock_data - INFO - Ignore initialize data
2026-07-13 13:38:51,366 - services.auth - INFO - Ignore initialize admin
2026-07-13 13:38:51,366 - main - INFO - === Application startup completed successfully ===
2026-07-13 13:48:54,420 - services.database - DEBUG - [DB_OP] Starting database close
2026-07-13 13:48:54,420 - services.database - INFO - Database connections closed
2026-07-13 13:48:54,420 - services.database - DEBUG - [DB_OP] Database close completed in 0.0004s
